app/build/outputs/mapping/release/seeds.txt
te.app.aljoud.pages.profile.ProfileFragment
te.app.aljoud.base.BaseFragment
te.app.aljoud.pages.auth.changePassword.ChangePasswordFragment
te.app.aljoud.pages.courseDetails.FragmentLessonVideos
te.app.aljoud.pages.auth.register.RegisterFragment
te.app.aljoud.pages.auth.login.LoginFragment
te.app.aljoud.customViews.views.CustomTextViewMedium
te.app.aljoud.pages.settings.ContactFragment
te.app.aljoud.pages.courseDetails.FragmentCourseLessons
te.app.aljoud.activity.RemotePDFActivity
te.app.aljoud.activity.ExoPlayerActivity
te.app.aljoud.pages.fawaterkPayment.PaymentSuccessFragment
te.app.aljoud.pages.exams.ExamsFragment
te.app.aljoud.activity.PaymentVisaActivity
te.app.aljoud.customViews.views.CustomTextViewRegular
te.app.aljoud.pages.splash.SplashFragment
te.app.aljoud.pages.university.FragmentCategorySections
te.app.aljoud.pages.courseDetails.FragmentLessonDetails
te.app.aljoud.pages.settings.ServiceRequestFragment
te.app.aljoud.pages.offers.OffersFragment
te.app.aljoud.pages.courseDetails.FragmentLessonArticles
te.app.aljoud.activity.MainActivity
te.app.aljoud.pages.home.HomeFragment
te.app.aljoud.pages.settings.AboutAppFragment
te.app.aljoud.pages.chat.view.ChatFragment
te.app.aljoud.pages.courseDetails.FragmentCourseDetails
te.app.aljoud.pages.home.viewModels.UniversitiesFragment
te.app.aljoud.connection.Api
te.app.aljoud.activity.BaseActivity
te.app.aljoud.base.MyFirebaseMessagingService
te.app.aljoud.pages.fawaterkPayment.FawterkMethodFragment
te.app.aljoud.customViews.tesDialog.TesImageDialog
te.app.aljoud.base.MyApplication
te.app.aljoud.DataBinderMapperImpl
te.app.aljoud.pages.auth.forgetPassword.ForgetPasswordFragment
te.app.aljoud.pages.auth.confirmCode.ConfirmCodeFragment
te.app.aljoud.pages.university.FragmentUniversityDetails
te.app.aljoud.pages.myCourses.MyCoursesFragment
te.app.aljoud.pages.conversations.ConversationsFragment
te.app.aljoud.pages.courseDetails.FragmentLessonQuizzes
te.app.aljoud.pages.settings.models.AboutData: java.lang.Object deletedAt
te.app.aljoud.pages.fawaterkPayment.models.paymentResult.PaymentResultData: te.app.aljoud.pages.fawaterkPayment.models.paymentResult.PaymentData paymentData
te.app.aljoud.pages.chat.model.ChatResponse: te.app.aljoud.pages.chat.model.ChatMain chats
te.app.aljoud.pages.offers.models.OfferItem: java.lang.String sort
te.app.aljoud.model.PaginateMain: java.lang.String lastPageUrl
te.app.aljoud.pages.university.models.levels.LevelsData: java.lang.String sort
te.app.aljoud.pages.fawaterkPayment.models.paymentResult.PaymentResultData: int invoiceId
te.app.aljoud.pages.exams.models.AnswersItem: int id
te.app.aljoud.pages.university.models.course.Course: java.lang.String price
te.app.aljoud.pages.university.models.UniversityData: int lessons
te.app.aljoud.pages.fawaterkPayment.models.paymentResult.PaymentResultData: te.app.aljoud.pages.fawaterkPayment.models.paymentResult.PaymentResultData paymentResultData
te.app.aljoud.pages.exams.models.ExamData: int id
te.app.aljoud.pages.courseDetails.models.lessons.LessonsItem: java.lang.String show
te.app.aljoud.pages.exams.models.ExamData: java.lang.String createdAt
te.app.aljoud.pages.university.models.UniversityData: java.lang.String nameAr
te.app.aljoud.pages.auth.models.UserData: java.lang.String image
te.app.aljoud.pages.auth.models.UserData: int id
te.app.aljoud.pages.offers.models.OfferItem: int id
te.app.aljoud.pages.exams.models.AnswersItem: java.lang.String quizQuestionId
te.app.aljoud.pages.offers.models.OfferItem: java.lang.String descAr
te.app.aljoud.pages.university.models.course.CourseResponse: java.util.List course
te.app.aljoud.pages.university.models.UniversityData: java.lang.String show
te.app.aljoud.pages.university.models.UniversityData: java.lang.String showData
te.app.aljoud.pages.auth.models.LoginRequest: java.lang.String phone
te.app.aljoud.pages.university.models.course.Currency: java.lang.String nameAr
te.app.aljoud.pages.fawaterkPayment.models.PaymentMethod: java.lang.String logo
...
com.google.android.exoplayer2.ui.StyledPlayerControlView: boolean getShowSubtitleButton()
org.conscrypt.OAEPParameters: byte[] engineGetEncoded(java.lang.String)
androidx.core.view.ViewCompat$Api19Impl: void setContentChangeTypes(android.view.accessibility.AccessibilityEvent,int)
org.conscrypt.OpenSSLX509CRL: byte[] getEncoded()
org.conscrypt.TrustedCertificateIndex: java.security.cert.TrustAnchor index(java.security.cert.X509Certificate)
org.conscrypt.NativeCrypto: int ECDH_compute_key(byte[],int,org.conscrypt.NativeRef$EVP_PKEY,org.conscrypt.NativeRef$EVP_PKEY)
org.conscrypt.NativeCrypto: byte[] X509_REVOKED_get_serialNumber(long)
org.conscrypt.Platform: java.lang.String getOriginalHostNameFromInetAddress(java.net.InetAddress)
org.conscrypt.FileClientSessionCache$CacheFile: int compareTo(java.lang.Object)
androidx.appcompat.widget.AppCompatButton: android.content.res.ColorStateList getSupportBackgroundTintList()
androidx.appcompat.widget.ActionBarOverlayLayout: java.lang.CharSequence getTitle()
org.conscrypt.SSLParametersImpl: javax.net.ssl.X509KeyManager getX509KeyManager()
androidx.core.view.ViewCompat$Api28Impl: java.lang.CharSequence getAccessibilityPaneTitle(android.view.View)
com.google.android.material.button.MaterialButton: android.content.res.ColorStateList getSupportBackgroundTintList()
com.google.firebase.FirebaseCommonRegistrar: FirebaseCommonRegistrar()
org.conscrypt.NativeCrypto: long EVP_get_cipherbyname(java.lang.String)
androidx.appcompat.widget.AppCompatEditText: java.lang.CharSequence getText()
com.github.chrisbanes.photoview.PhotoView: float getMediumScale()
org.conscrypt.SSLNullSession: int getPeerPort()
org.conscrypt.OpenSSLX509Certificate: java.util.Date getNotBefore()
org.conscrypt.OpenSSLX509Certificate: void verify(java.security.PublicKey,java.security.Provider)
androidx.coordinatorlayout.widget.CoordinatorLayout: androidx.core.view.WindowInsetsCompat getLastWindowInsets()
org.conscrypt.NativeCrypto: int RSA_private_encrypt(int,byte[],byte[],org.conscrypt.NativeRef$EVP_PKEY,int)
org.conscrypt.PreKitKatPlatformOpenSSLSocketImplAdapter: javax.net.ssl.SSLParameters getSSLParameters()
androidx.core.view.ViewCompat$Api17Impl: int getLabelFor(android.view.View)
org.conscrypt.OpenSSLX509CertificateFactory$2: java.util.List fromPkcs7PemInputStream(java.io.InputStream)
com.google.android.material.chip.Chip: void setChipStartPadding(float)
org.conscrypt.NativeCrypto: int EVP_AEAD_CTX_seal(long,byte[],int,byte[],int,byte[],byte[],int,int,byte[])
org.conscrypt.OpenSSLAeadCipherAES: java.security.spec.AlgorithmParameterSpec getParameterSpec(java.security.AlgorithmParameters)
org.conscrypt.OpenSSLSocketImpl: boolean getKeepAlive()
org.conscrypt.OpenSSLSocketImpl: OpenSSLSocketImpl()
org.conscrypt.OpenSSLECDHKeyAgreement: void engineInit(java.security.Key,java.security.SecureRandom)
com.google.android.material.transformation.ExpandableTransformationBehavior: ExpandableTransformationBehavior()
im.delight.android.webview.AdvancedWebView: void setWebChromeClient(android.webkit.WebChromeClient)
androidx.appcompat.widget.AppCompatButton: int[] getAutoSizeTextAvailableSizes()
org.conscrypt.OpenSSLEvpCipherAES: java.lang.String getBaseCipherName()
com.google.android.material.card.MaterialCardView: android.content.res.ColorStateList getCheckedIconTint()
com.google.android.material.floatingactionbutton.FloatingActionButton$BaseBehavior: FloatingActionButton$BaseBehavior(android.content.Context,android.util.AttributeSet)
androidx.appcompat.widget.Toolbar: int getCurrentContentInsetEnd()
org.conscrypt.OpenSSLEvpCipher: int getOutputSizeForUpdate(int)
org.conscrypt.TrustManagerFactoryImpl: void engineInit(java.security.KeyStore)
com.google.android.material.textfield.TextInputLayout: void setErrorIconOnClickListener(android.view.View$OnClickListener)
androidx.core.widget.NestedScrollView: NestedScrollView(android.content.Context,android.util.AttributeSet)