app/build/outputs/mapping/release/mapping.txt
# compiler: R8
# compiler_version: 3.0.62
# min_api: 23
# pg_map_id: 33f73e5
# common_typos_disable
te.app.aljoud.DataBinderMapperImpl -> te.app.aljoud.DataBinderMapperImpl:
    android.util.SparseIntArray INTERNAL_LAYOUT_ID_LOOKUP -> a
    java.util.List collectDependencies() -> a
    androidx.databinding.ViewDataBinding getDataBinder(androidx.databinding.DataBindingComponent,android.view.View,int) -> b
    androidx.databinding.ViewDataBinding getDataBinder(androidx.databinding.DataBindingComponent,android.view.View[],int) -> c
    int getLayoutId(java.lang.String) -> d
    androidx.databinding.ViewDataBinding internalGetViewDataBinding0(androidx.databinding.DataBindingComponent,android.view.View,int,java.lang.Object) -> e
    androidx.databinding.ViewDataBinding internalGetViewDataBinding1(androidx.databinding.DataBindingComponent,android.view.View,int,java.lang.Object) -> f
te.app.aljoud.DataBinderMapperImpl$InnerLayoutIdLookup -> te.app.aljoud.DataBinderMapperImpl$a:
    java.util.HashMap sKeys -> a
te.app.aljoud.PassingObject -> gb.a:
    java.lang.Object objectClass -> d
    int id -> c
    java.lang.String object -> e
    int getId() -> a
    java.lang.String getObject() -> b
    java.lang.Object getObjectClass() -> c
te.app.aljoud.activity.BaseActivity -> te.app.aljoud.activity.BaseActivity:
    te.app.aljoud.databinding.ActivityBaseBinding activityBaseBinding -> x
    te.app.aljoud.customViews.actionbar.BackActionBarView backActionBarView -> y
    androidx.fragment.app.Fragment getBundle(androidx.fragment.app.Fragment) -> n0
    void getNotification() -> o0
    void setTitleName(java.lang.String) -> p0
te.app.aljoud.activity.ExoPlayerActivity -> te.app.aljoud.activity.ExoPlayerActivity:
    com.google.android.exoplayer2.trackselection.DefaultTrackSelector trackSelector -> v
    com.google.android.exoplayer2.source.TrackGroupArray lastSeenTrackGroupArray -> x
    boolean startAutoPlay -> y
    int startWindow -> z
    te.app.aljoud.databinding.ActivityExoPlayerBinding exoPlayerBinding -> s
    com.google.android.exoplayer2.SimpleExoPlayer player -> u
    long startPosition -> A
    com.google.android.exoplayer2.trackselection.DefaultTrackSelector$Parameters trackSelectorParameters -> w
    java.lang.String videoUri -> t
    com.google.android.exoplayer2.source.TrackGroupArray -$$Nest$fgetlastSeenTrackGroupArray(te.app.aljoud.activity.ExoPlayerActivity) -> T
    com.google.android.exoplayer2.trackselection.DefaultTrackSelector -$$Nest$fgettrackSelector(te.app.aljoud.activity.ExoPlayerActivity) -> U
    void -$$Nest$fputlastSeenTrackGroupArray(te.app.aljoud.activity.ExoPlayerActivity,com.google.android.exoplayer2.source.TrackGroupArray) -> V
    com.google.android.exoplayer2.RenderersFactory buildRenderersFactory(android.content.Context,boolean) -> W
    void clearStartPosition() -> X
    android.content.Intent getStartIntent(android.content.Context,java.lang.String) -> Y
    void initializePlayer() -> Z
    void releasePlayer() -> a0
    void updateStartPosition() -> b0
    void updateTrackSelectorParameters() -> c0
te.app.aljoud.activity.ExoPlayerActivity$PlayerErrorMessageProvider -> te.app.aljoud.activity.ExoPlayerActivity$a:
    te.app.aljoud.activity.ExoPlayerActivity this$0 -> a
    android.util.Pair getErrorMessage(java.lang.Throwable) -> a
    android.util.Pair getErrorMessage(com.google.android.exoplayer2.PlaybackException) -> b
te.app.aljoud.activity.ExoPlayerActivity$PlayerErrorMessageProvider-IA -> hb.a:
...
com.google.firebase.events.EventHandler -> e8.b:
    void handle(com.google.firebase.events.Event) -> a
com.google.firebase.events.Publisher -> e8.c:
com.google.firebase.events.Subscriber -> e8.d:
    void subscribe(java.lang.Class,com.google.firebase.events.EventHandler) -> a
com.google.firebase.heartbeatinfo.DefaultHeartBeatInfo -> f8.d:
    java.util.concurrent.ThreadFactory THREAD_FACTORY -> b
    com.google.firebase.inject.Provider storageProvider -> a
    com.google.firebase.heartbeatinfo.HeartBeatInfo$HeartBeat getHeartBeatCode(java.lang.String) -> a
    com.google.firebase.components.Component component() -> b
    com.google.firebase.heartbeatinfo.HeartBeatInfo lambda$component$4(com.google.firebase.components.ComponentContainer) -> c
    com.google.firebase.heartbeatinfo.HeartBeatInfoStorage lambda$new$1(android.content.Context) -> d
    java.lang.Thread lambda$static$0(java.lang.Runnable) -> e
com.google.firebase.heartbeatinfo.DefaultHeartBeatInfo$$Lambda$1 -> f8.a:
    android.content.Context arg$1 -> a
    com.google.firebase.inject.Provider lambdaFactory$(android.content.Context) -> a
com.google.firebase.heartbeatinfo.DefaultHeartBeatInfo$$Lambda$4 -> f8.b:
    com.google.firebase.heartbeatinfo.DefaultHeartBeatInfo$$Lambda$4 instance -> a
    java.lang.Object create(com.google.firebase.components.ComponentContainer) -> a
    com.google.firebase.components.ComponentFactory lambdaFactory$() -> b
com.google.firebase.heartbeatinfo.DefaultHeartBeatInfo$$Lambda$5 -> f8.c:
    com.google.firebase.heartbeatinfo.DefaultHeartBeatInfo$$Lambda$5 instance -> c
    java.util.concurrent.ThreadFactory lambdaFactory$() -> a
com.google.firebase.heartbeatinfo.HeartBeatConsumer -> f8.e:
com.google.firebase.heartbeatinfo.HeartBeatInfo -> f8.f:
    com.google.firebase.heartbeatinfo.HeartBeatInfo$HeartBeat getHeartBeatCode(java.lang.String) -> a
com.google.firebase.heartbeatinfo.HeartBeatInfo$HeartBeat -> f8.f$a:
    com.google.firebase.heartbeatinfo.HeartBeatInfo$HeartBeat[] $VALUES -> h
    com.google.firebase.heartbeatinfo.HeartBeatInfo$HeartBeat GLOBAL -> f
    com.google.firebase.heartbeatinfo.HeartBeatInfo$HeartBeat COMBINED -> g
    com.google.firebase.heartbeatinfo.HeartBeatInfo$HeartBeat NONE -> d
    com.google.firebase.heartbeatinfo.HeartBeatInfo$HeartBeat SDK -> e
    int code -> c
    int getCode() -> a
com.google.firebase.heartbeatinfo.HeartBeatInfoStorage -> f8.g:
    com.google.firebase.heartbeatinfo.HeartBeatInfoStorage instance -> b
    android.content.SharedPreferences sharedPreferences -> a
    java.text.SimpleDateFormat FORMATTER -> c
    com.google.firebase.heartbeatinfo.HeartBeatInfoStorage getInstance(android.content.Context) -> a
    boolean isSameDateUtc(long,long) -> b
    boolean shouldSendGlobalHeartBeat(long) -> c
    boolean shouldSendSdkHeartBeat(java.lang.String,long) -> d