app/build/outputs/mapping/release/usage.txt
te.app.aljoud.BR
te.app.aljoud.BuildConfig
te.app.aljoud.DataBinderMapperImpl$InnerBrLookup
te.app.aljoud.DataBinderMapperImpl$InnerLayoutIdLookup:
    private void <init>()
te.app.aljoud.DataBinderMapperImpl:
    private static final int LAYOUT_ACTIVITYBASE
    private static final int LAYOUT_ACTIVITYEXOPLAYER
    private static final int LAYOUT_ACTIVITYMAIN
    private static final int LAYOUT_ACTIVITYPAYMENTVISA
    private static final int LAYOUT_ACTIVITYREMOTEPDF
    private static final int LAYOUT_ASKLESSONSHEET
    private static final int LAYOUT_ASKSHEET
    private static final int LAYOUT_EXAMRESULTDIALOG
    private static final int LAYOUT_EXITLAYOUT
    private static final int LAYOUT_FRAGMENTABOUT
    private static final int LAYOUT_FRAGMENTCATEGORYSECTIONS
    private static final int LAYOUT_FRAGMENTCHANGEPASSWORD
    private static final int LAYOUT_FRAGMENTCHAT
    private static final int LAYOUT_FRAGMENTCONFIRMCODE
    private static final int LAYOUT_FRAGMENTCONTACTS
    private static final int LAYOUT_FRAGMENTCONVERSATIONS
    private static final int LAYOUT_FRAGMENTCOURSEDETAILS
    private static final int LAYOUT_FRAGMENTCOURSELESSONS
    private static final int LAYOUT_FRAGMENTEXAMS
    private static final int LAYOUT_FRAGMENTFORGETPASSWORD
    private static final int LAYOUT_FRAGMENTHOME
    private static final int LAYOUT_FRAGMENTLESSONARTICLES
    private static final int LAYOUT_FRAGMENTLESSONDETAILS
    private static final int LAYOUT_FRAGMENTLESSONQUIZZES
    private static final int LAYOUT_FRAGMENTLESSONVIDEOS
    private static final int LAYOUT_FRAGMENTLOGIN
    private static final int LAYOUT_FRAGMENTMYCOURSES
te.app.aljoud.DataBindingTriggerClass
te.app.aljoud.PassingObject:
    private java.lang.String object2
    public void <init>(int,java.lang.String,java.lang.String)
    public void <init>(java.lang.Object,int)
    public void <init>(java.lang.String,java.lang.Object)
    public void <init>(java.lang.String,java.lang.String)
    public java.lang.String getObject2()
    public void setId(int)
    public void setObject(java.lang.String)
    public void setObject2(java.lang.String)
    public void setObjectClass(java.lang.Object)
te.app.aljoud.R$anim
te.app.aljoud.R$animator
te.app.aljoud.R$array
te.app.aljoud.R$attr
te.app.aljoud.R$bool
te.app.aljoud.R$color
te.app.aljoud.R$dimen
te.app.aljoud.R$drawable
te.app.aljoud.R$font
te.app.aljoud.R$id
te.app.aljoud.R$integer
te.app.aljoud.R$interpolator
te.app.aljoud.R$layout
te.app.aljoud.R$menu
te.app.aljoud.R$mipmap
te.app.aljoud.R$plurals
te.app.aljoud.R$string
te.app.aljoud.R$style
te.app.aljoud.R$styleable
te.app.aljoud.R$xml
te.app.aljoud.R
te.app.aljoud.activity.ExoPlayerActivity:
    private static final java.lang.String KEY_AUTO_PLAY
    private static final java.lang.String KEY_POSITION
    private static final java.lang.String KEY_TRACK_SELECTOR_PARAMETERS
    private static final java.lang.String KEY_VIDEO_URI
    private static final java.lang.String KEY_WINDOW
    private static final java.lang.String TAG
te.app.aljoud.activity.MainActivity_MembersInjector:
    private final javax.inject.Provider viewModelProvider
    public void <init>(javax.inject.Provider)
    public static dagger.MembersInjector create(javax.inject.Provider)
    public synthetic bridge void injectMembers(java.lang.Object)
    public void injectMembers(te.app.aljoud.activity.MainActivity)
te.app.aljoud.activity.PaymentVisaActivity:
    private static final java.lang.String TAG
te.app.aljoud.base.ApplicationBinding:
    public static void color(android.widget.ImageView,java.lang.String)
    public static void setBackGround(android.widget.TextView,java.lang.String)
te.app.aljoud.base.ApplicationComponent:
    public te.app.aljoud.base.ApplicationBinding getApplicationBinding()
...
cz.msebera.android.httpclient.client.utils.CloneUtils
cz.msebera.android.httpclient.client.utils.DateUtils$DateFormatHolder
cz.msebera.android.httpclient.client.utils.DateUtils
cz.msebera.android.httpclient.client.utils.HttpClientUtils
cz.msebera.android.httpclient.client.utils.Idn
cz.msebera.android.httpclient.client.utils.JdkIdn
cz.msebera.android.httpclient.client.utils.Punycode
cz.msebera.android.httpclient.client.utils.Rfc3492Idn
cz.msebera.android.httpclient.client.utils.URIBuilder
cz.msebera.android.httpclient.client.utils.URIUtils$UriFlag
cz.msebera.android.httpclient.client.utils.URIUtils
cz.msebera.android.httpclient.client.utils.URLEncodedUtils
cz.msebera.android.httpclient.concurrent.BasicFuture
cz.msebera.android.httpclient.concurrent.Cancellable
cz.msebera.android.httpclient.concurrent.FutureCallback
cz.msebera.android.httpclient.config.ConnectionConfig$Builder
cz.msebera.android.httpclient.config.ConnectionConfig
cz.msebera.android.httpclient.config.Lookup
cz.msebera.android.httpclient.config.MessageConstraints$Builder
cz.msebera.android.httpclient.config.MessageConstraints
cz.msebera.android.httpclient.config.Registry
cz.msebera.android.httpclient.config.RegistryBuilder
cz.msebera.android.httpclient.config.SocketConfig$Builder
cz.msebera.android.httpclient.config.SocketConfig
cz.msebera.android.httpclient.conn.BasicEofSensorWatcher
cz.msebera.android.httpclient.conn.BasicManagedEntity
cz.msebera.android.httpclient.conn.ClientConnectionManager
cz.msebera.android.httpclient.conn.ClientConnectionManagerFactory
cz.msebera.android.httpclient.conn.ClientConnectionOperator
cz.msebera.android.httpclient.conn.ClientConnectionRequest
cz.msebera.android.httpclient.conn.ConnectTimeoutException
cz.msebera.android.httpclient.conn.ConnectionKeepAliveStrategy
cz.msebera.android.httpclient.conn.ConnectionPoolTimeoutException
cz.msebera.android.httpclient.conn.ConnectionReleaseTrigger
cz.msebera.android.httpclient.conn.ConnectionRequest
cz.msebera.android.httpclient.conn.DnsResolver
cz.msebera.android.httpclient.conn.EofSensorInputStream
cz.msebera.android.httpclient.conn.EofSensorWatcher
cz.msebera.android.httpclient.conn.HttpClientConnectionManager
cz.msebera.android.httpclient.conn.HttpClientConnectionOperator
cz.msebera.android.httpclient.conn.HttpConnectionFactory
cz.msebera.android.httpclient.conn.HttpHostConnectException
cz.msebera.android.httpclient.conn.HttpInetSocketAddress
cz.msebera.android.httpclient.conn.HttpRoutedConnection
cz.msebera.android.httpclient.conn.ManagedClientConnection
cz.msebera.android.httpclient.conn.ManagedHttpClientConnection
cz.msebera.android.httpclient.conn.MultihomePlainSocketFactory
cz.msebera.android.httpclient.conn.OperatedClientConnection
cz.msebera.android.httpclient.conn.SchemePortResolver
cz.msebera.android.httpclient.conn.UnsupportedSchemeException
cz.msebera.android.httpclient.conn.params.ConnConnectionPNames
cz.msebera.android.httpclient.conn.params.ConnConnectionParamBean
cz.msebera.android.httpclient.conn.params.ConnManagerPNames
cz.msebera.android.httpclient.conn.params.ConnManagerParamBean
cz.msebera.android.httpclient.conn.params.ConnManagerParams$1
cz.msebera.android.httpclient.conn.params.ConnManagerParams
cz.msebera.android.httpclient.conn.params.ConnPerRoute
cz.msebera.android.httpclient.conn.params.ConnPerRouteBean
cz.msebera.android.httpclient.conn.params.ConnRoutePNames
cz.msebera.android.httpclient.conn.params.ConnRouteParamBean
cz.msebera.android.httpclient.conn.params.ConnRouteParams
cz.msebera.android.httpclient.conn.routing.BasicRouteDirector
cz.msebera.android.httpclient.conn.routing.HttpRoute
cz.msebera.android.httpclient.conn.routing.HttpRouteDirector
cz.msebera.android.httpclient.conn.routing.HttpRoutePlanner
cz.msebera.android.httpclient.conn.routing.RouteInfo$LayerType
cz.msebera.android.httpclient.conn.routing.RouteInfo$TunnelType
cz.msebera.android.httpclient.conn.routing.RouteInfo
cz.msebera.android.httpclient.conn.routing.RouteTracker